  [1m[36m (0.1ms)[0m  [1mSELECT "schema_migrations"."version" FROM "schema_migrations" [0m
Migrating to CreateMovies (20111119180638)
  [1m[35m (0.1ms)[0m  select sqlite_version(*)
  [1m[36m (0.0ms)[0m  [1mSELECT "schema_migrations"."version" FROM "schema_migrations" [0m
  [1m[35m (0.0ms)[0m  PRAGMA index_list("movies")
  [1m[36m (0.0ms)[0m  [1mSELECT "schema_migrations"."version" FROM "schema_migrations" [0m
  [1m[35m (0.2ms)[0m  select sqlite_version(*)
  [1m[36m (27.9ms)[0m  [1mCREATE TABLE "movies" ("id" INTEGER PRIMARY KEY AUTOINCREMENT NOT NULL, "title" varchar(255), "rating" varchar(255), "description" text, "release_date" datetime, "created_at" datetime, "updated_at" datetime) [0m
  [1m[35m (15.7ms)[0m  CREATE TABLE "schema_migrations" ("version" varchar(255) NOT NULL) 
  [1m[36m (0.0ms)[0m  [1mPRAGMA index_list("schema_migrations")[0m
  [1m[35m (17.7ms)[0m  CREATE UNIQUE INDEX "unique_schema_migrations" ON "schema_migrations" ("version")
  [1m[36m (0.1ms)[0m  [1mSELECT version FROM "schema_migrations"[0m
  [1m[35m (15.7ms)[0m  INSERT INTO "schema_migrations" (version) VALUES ('20120130161449')
  [1m[36m (17.3ms)[0m  [1mINSERT INTO "schema_migrations" (version) VALUES ('20111119180638')[0m


Started GET "/" for 127.0.0.1 at 2013-08-03 14:53:20 -0300

ActionController::RoutingError (No route matches [GET] "/"):
  

Rendered /home/luiz/.rvm/gems/ruby-2.0.0-p195/gems/actionpack-3.1.0/lib/action_dispatch/middleware/templates/rescues/routing_error.erb within rescues/layout (0.4ms)


Started GET "/movies" for 127.0.0.1 at 2013-08-03 14:53:24 -0300
  Processing by MoviesController#index as HTML
  [1m[36mMovie Load (0.2ms)[0m  [1mSELECT "movies".* FROM "movies" WHERE "movies"."rating" IN ('G', 'PG', 'PG-13', 'NC-17', 'R')[0m
Rendered movies/index.html.haml within layouts/application (13.2ms)
Compiled application.css  (0ms)  (pid 16918)
Compiled application.js  (0ms)  (pid 16918)
Completed 200 OK in 21ms (Views: 19.5ms | ActiveRecord: 0.3ms)


Started GET "/assets/application.css?body=1" for 127.0.0.1 at 2013-08-03 14:53:24 -0300
Served asset /application.css - 200 OK (0ms)


Started GET "/assets/application.js?body=1" for 127.0.0.1 at 2013-08-03 14:53:24 -0300
Served asset /application.js - 200 OK (0ms)


Started GET "/movies/new" for 127.0.0.1 at 2013-08-03 14:53:29 -0300
  Processing by MoviesController#new as HTML
Rendered movies/new.html.haml within layouts/application (28.3ms)
Completed 200 OK in 32ms (Views: 31.5ms | ActiveRecord: 0.0ms)
  [1m[36m (0.0ms)[0m  [1mSELECT "schema_migrations"."version" FROM "schema_migrations" [0m
Migrating to CreateMovies (20111119180638)
  [1m[35m (0.1ms)[0m  select sqlite_version(*)
  [1m[36m (0.0ms)[0m  [1mSELECT "schema_migrations"."version" FROM "schema_migrations" [0m
  [1m[35m (0.0ms)[0m  PRAGMA index_list("movies")
  [1m[36m (0.0ms)[0m  [1mSELECT "schema_migrations"."version" FROM "schema_migrations" [0m
  [1m[35m (0.2ms)[0m  select sqlite_version(*)
  [1m[36m (30.0ms)[0m  [1mCREATE TABLE "movies" ("id" INTEGER PRIMARY KEY AUTOINCREMENT NOT NULL, "title" varchar(255), "rating" varchar(255), "description" text, "release_date" datetime, "created_at" datetime, "updated_at" datetime) [0m
  [1m[35m (18.7ms)[0m  CREATE TABLE "schema_migrations" ("version" varchar(255) NOT NULL) 
  [1m[36m (0.1ms)[0m  [1mPRAGMA index_list("schema_migrations")[0m
  [1m[35m (15.6ms)[0m  CREATE UNIQUE INDEX "unique_schema_migrations" ON "schema_migrations" ("version")
  [1m[36m (0.1ms)[0m  [1mSELECT version FROM "schema_migrations"[0m
  [1m[35m (25.1ms)[0m  INSERT INTO "schema_migrations" (version) VALUES ('20120130161449')
  [1m[36m (16.6ms)[0m  [1mINSERT INTO "schema_migrations" (version) VALUES ('20111119180638')[0m
  [1m[36m (0.0ms)[0m  [1mSELECT "schema_migrations"."version" FROM "schema_migrations" [0m
  [1m[35m (0.1ms)[0m  select sqlite_version(*)
  [1m[36m (22.0ms)[0m  [1mCREATE TABLE "movies" ("id" INTEGER PRIMARY KEY AUTOINCREMENT NOT NULL, "title" varchar(255), "rating" varchar(255), "description" text, "release_date" datetime, "created_at" datetime, "updated_at" datetime) [0m
  [1m[35m (17.0ms)[0m  CREATE TABLE "schema_migrations" ("version" varchar(255) NOT NULL) 
  [1m[36m (0.0ms)[0m  [1mPRAGMA index_list("schema_migrations")[0m
  [1m[35m (15.5ms)[0m  CREATE UNIQUE INDEX "unique_schema_migrations" ON "schema_migrations" ("version")
  [1m[36m (0.1ms)[0m  [1mSELECT version FROM "schema_migrations"[0m
  [1m[35m (28.0ms)[0m  INSERT INTO "schema_migrations" (version) VALUES ('20120130161449')
  [1m[36m (14.7ms)[0m  [1mINSERT INTO "schema_migrations" (version) VALUES ('20111119180638')[0m
  [1m[36m (0.0ms)[0m  [1mSELECT "schema_migrations"."version" FROM "schema_migrations" [0m
Migrating to CreateMovies (20111119180638)
Migrating to AddDirectorToMovies (20130811135900)
  [1m[35m (0.0ms)[0m  select sqlite_version(*)
  [1m[36m (0.2ms)[0m  [1mALTER TABLE "movies" ADD "director" varchar(255)[0m
  [1m[35m (0.0ms)[0m  INSERT INTO "schema_migrations" ("version") VALUES ('20130811135900')
  [1m[36m (0.2ms)[0m  [1mselect sqlite_version(*)[0m
  [1m[35m (0.1ms)[0m  SELECT "schema_migrations"."version" FROM "schema_migrations" 
  [1m[36m (0.0ms)[0m  [1mPRAGMA index_list("movies")[0m
  [1m[36m (0.0ms)[0m  [1mSELECT "schema_migrations"."version" FROM "schema_migrations" [0m
  [1m[35m (0.1ms)[0m  select sqlite_version(*)
  [1m[36m (29.2ms)[0m  [1mCREATE TABLE "movies" ("id" INTEGER PRIMARY KEY AUTOINCREMENT NOT NULL, "title" varchar(255), "rating" varchar(255), "description" text, "release_date" datetime, "created_at" datetime, "updated_at" datetime, "director" varchar(255)) [0m
  [1m[35m (15.4ms)[0m  CREATE TABLE "schema_migrations" ("version" varchar(255) NOT NULL) 
  [1m[36m (0.0ms)[0m  [1mPRAGMA index_list("schema_migrations")[0m
  [1m[35m (36.5ms)[0m  CREATE UNIQUE INDEX "unique_schema_migrations" ON "schema_migrations" ("version")
  [1m[36m (0.1ms)[0m  [1mSELECT version FROM "schema_migrations"[0m
  [1m[35m (16.6ms)[0m  INSERT INTO "schema_migrations" (version) VALUES ('20130811135900')
  [1m[36m (14.6ms)[0m  [1mINSERT INTO "schema_migrations" (version) VALUES ('20111119180638')[0m
  [1m[36m (0.0ms)[0m  [1mSELECT "schema_migrations"."version" FROM "schema_migrations" [0m
  [1m[35m (0.1ms)[0m  select sqlite_version(*)
  [1m[36m (20.0ms)[0m  [1mCREATE TABLE "movies" ("id" INTEGER PRIMARY KEY AUTOINCREMENT NOT NULL, "title" varchar(255), "rating" varchar(255), "description" text, "release_date" datetime, "created_at" datetime, "updated_at" datetime, "director" varchar(255)) [0m
  [1m[35m (16.9ms)[0m  CREATE TABLE "schema_migrations" ("version" varchar(255) NOT NULL) 
  [1m[36m (0.0ms)[0m  [1mPRAGMA index_list("schema_migrations")[0m
  [1m[35m (17.0ms)[0m  CREATE UNIQUE INDEX "unique_schema_migrations" ON "schema_migrations" ("version")
  [1m[36m (0.1ms)[0m  [1mSELECT version FROM "schema_migrations"[0m
  [1m[35m (22.2ms)[0m  INSERT INTO "schema_migrations" (version) VALUES ('20130811135900')
  [1m[36m (15.5ms)[0m  [1mINSERT INTO "schema_migrations" (version) VALUES ('20111119180638')[0m


Started GET "/" for 127.0.0.1 at 2013-08-11 17:40:14 -0300
  Processing by MoviesController#index as HTML
  [1m[36mMovie Load (0.2ms)[0m  [1mSELECT "movies".* FROM "movies" WHERE "movies"."rating" IN ('G', 'PG', 'PG-13', 'NC-17', 'R')[0m
Rendered movies/_list.html.haml (34.0ms)
Rendered movies/index.html.haml within layouts/application (38.0ms)
Completed 200 OK in 50ms (Views: 48.7ms | ActiveRecord: 0.2ms)


Started GET "/assets/application.css?body=1" for 127.0.0.1 at 2013-08-11 17:40:15 -0300
Served asset /application.css - 200 OK (0ms)


Started GET "/assets/application.js?body=1" for 127.0.0.1 at 2013-08-11 17:40:15 -0300
Served asset /application.js - 200 OK (0ms)


Started GET "/movies/1" for 127.0.0.1 at 2013-08-11 17:40:18 -0300
  Processing by MoviesController#show as HTML
  Parameters: {"id"=>"1"}
  [1m[35mMovie Load (0.1ms)[0m  SELECT "movies".* FROM "movies" WHERE "movies"."id" = ? LIMIT 1  [["id", "1"]]
Rendered movies/show.html.haml within layouts/application (6.2ms)
Completed 200 OK in 10ms (Views: 8.3ms | ActiveRecord: 0.2ms)


Started GET "/movies/1/same_director" for 127.0.0.1 at 2013-08-11 17:40:20 -0300
  Processing by MoviesController#same_director as HTML
  Parameters: {"id"=>"1"}
  [1m[36mMovie Load (0.1ms)[0m  [1mSELECT "movies".* FROM "movies" WHERE "movies"."id" = ? LIMIT 1[0m  [["id", "1"]]
Redirected to http://dev.replaypoker.com:3000/
Completed 302 Found in 4ms


Started GET "/" for 127.0.0.1 at 2013-08-11 17:40:20 -0300
  Processing by MoviesController#index as HTML
  [1m[35mMovie Load (0.2ms)[0m  SELECT "movies".* FROM "movies" WHERE "movies"."rating" IN ('G', 'PG', 'PG-13', 'NC-17', 'R')
Rendered movies/_list.html.haml (10.6ms)
Rendered movies/index.html.haml within layouts/application (12.6ms)
Completed 200 OK in 17ms (Views: 15.4ms | ActiveRecord: 0.4ms)


Started GET "/" for 127.0.0.1 at 2013-08-11 17:40:51 -0300
  Processing by MoviesController#index as HTML
  [1m[36mMovie Load (0.3ms)[0m  [1mSELECT "movies".* FROM "movies" WHERE "movies"."rating" IN ('G', 'PG', 'PG-13', 'NC-17', 'R')[0m
Rendered movies/_list.html.haml (32.8ms)
Rendered movies/index.html.haml within layouts/application (34.4ms)
Completed 200 OK in 39ms (Views: 36.7ms | ActiveRecord: 0.7ms)


Started GET "/assets/application.css?body=1" for 127.0.0.1 at 2013-08-11 17:40:51 -0300
Served asset /application.css - 304 Not Modified (0ms)


Started GET "/assets/application.js?body=1" for 127.0.0.1 at 2013-08-11 17:40:51 -0300
Served asset /application.js - 304 Not Modified (0ms)


Started GET "/movies/1" for 127.0.0.1 at 2013-08-11 17:40:52 -0300
  Processing by MoviesController#show as HTML
  Parameters: {"id"=>"1"}
  [1m[35mMovie Load (0.2ms)[0m  SELECT "movies".* FROM "movies" WHERE "movies"."id" = ? LIMIT 1  [["id", "1"]]
Rendered movies/show.html.haml within layouts/application (4.5ms)
Completed 200 OK in 9ms (Views: 7.2ms | ActiveRecord: 0.5ms)


Started GET "/assets/application.css?body=1" for 127.0.0.1 at 2013-08-11 17:40:52 -0300
Served asset /application.css - 304 Not Modified (0ms)


Started GET "/assets/application.js?body=1" for 127.0.0.1 at 2013-08-11 17:40:52 -0300
Served asset /application.js - 304 Not Modified (0ms)


Started GET "/movies/1/same_director" for 127.0.0.1 at 2013-08-11 17:40:54 -0300
  Processing by MoviesController#same_director as HTML
  Parameters: {"id"=>"1"}
  [1m[36mMovie Load (0.2ms)[0m  [1mSELECT "movies".* FROM "movies" WHERE "movies"."id" = ? LIMIT 1[0m  [["id", "1"]]
Redirected to http://dev.replaypoker.com:3000/
Completed 302 Found in 30ms


Started GET "/" for 127.0.0.1 at 2013-08-11 17:40:54 -0300
  Processing by MoviesController#index as HTML
  [1m[35mMovie Load (0.1ms)[0m  SELECT "movies".* FROM "movies" WHERE "movies"."rating" IN ('G', 'PG', 'PG-13', 'NC-17', 'R')
Rendered movies/_list.html.haml (10.1ms)
Rendered movies/index.html.haml within layouts/application (11.6ms)
Completed 200 OK in 16ms (Views: 14.3ms | ActiveRecord: 0.3ms)


Started GET "/assets/application.css?body=1" for 127.0.0.1 at 2013-08-11 17:40:54 -0300
Served asset /application.css - 304 Not Modified (0ms)


Started GET "/assets/application.js?body=1" for 127.0.0.1 at 2013-08-11 17:40:54 -0300
Served asset /application.js - 304 Not Modified (0ms)


Started GET "/movies/2" for 127.0.0.1 at 2013-08-11 17:41:01 -0300
  Processing by MoviesController#show as HTML
  Parameters: {"id"=>"2"}
  [1m[36mMovie Load (0.2ms)[0m  [1mSELECT "movies".* FROM "movies" WHERE "movies"."id" = ? LIMIT 1[0m  [["id", "2"]]
Rendered movies/show.html.haml within layouts/application (27.8ms)
Completed 200 OK in 34ms (Views: 31.4ms | ActiveRecord: 0.5ms)


Started GET "/assets/application.css?body=1" for 127.0.0.1 at 2013-08-11 17:41:01 -0300
Served asset /application.css - 304 Not Modified (0ms)


Started GET "/assets/application.js?body=1" for 127.0.0.1 at 2013-08-11 17:41:01 -0300
Served asset /application.js - 304 Not Modified (0ms)


Started GET "/movies/2/same_director" for 127.0.0.1 at 2013-08-11 17:41:03 -0300
  Processing by MoviesController#same_director as HTML
  Parameters: {"id"=>"2"}
  [1m[35mMovie Load (0.1ms)[0m  SELECT "movies".* FROM "movies" WHERE "movies"."id" = ? LIMIT 1  [["id", "2"]]
Redirected to http://dev.replaypoker.com:3000/
Completed 302 Found in 4ms


Started GET "/" for 127.0.0.1 at 2013-08-11 17:41:03 -0300
  Processing by MoviesController#index as HTML
  [1m[36mMovie Load (0.1ms)[0m  [1mSELECT "movies".* FROM "movies" WHERE "movies"."rating" IN ('G', 'PG', 'PG-13', 'NC-17', 'R')[0m
Rendered movies/_list.html.haml (10.0ms)
Rendered movies/index.html.haml within layouts/application (11.6ms)
Completed 200 OK in 15ms (Views: 13.9ms | ActiveRecord: 0.3ms)


Started GET "/assets/application.css?body=1" for 127.0.0.1 at 2013-08-11 17:41:03 -0300
Served asset /application.css - 304 Not Modified (0ms)


Started GET "/assets/application.js?body=1" for 127.0.0.1 at 2013-08-11 17:41:03 -0300
Served asset /application.js - 304 Not Modified (0ms)


Started GET "/movies/16" for 127.0.0.1 at 2013-08-11 17:41:10 -0300
  Processing by MoviesController#show as HTML
  Parameters: {"id"=>"16"}
  [1m[35mMovie Load (0.1ms)[0m  SELECT "movies".* FROM "movies" WHERE "movies"."id" = ? LIMIT 1  [["id", "16"]]
Rendered movies/show.html.haml within layouts/application (4.5ms)
Completed 200 OK in 8ms (Views: 6.6ms | ActiveRecord: 0.2ms)


Started GET "/assets/application.css?body=1" for 127.0.0.1 at 2013-08-11 17:41:10 -0300
Served asset /application.css - 304 Not Modified (0ms)


Started GET "/assets/application.js?body=1" for 127.0.0.1 at 2013-08-11 17:41:10 -0300
Served asset /application.js - 304 Not Modified (0ms)


Started GET "/movies/16/same_director" for 127.0.0.1 at 2013-08-11 17:41:12 -0300
  Processing by MoviesController#same_director as HTML
  Parameters: {"id"=>"16"}
  [1m[36mMovie Load (0.2ms)[0m  [1mSELECT "movies".* FROM "movies" WHERE "movies"."id" = ? LIMIT 1[0m  [["id", "16"]]
Redirected to http://dev.replaypoker.com:3000/
Completed 302 Found in 10ms


Started GET "/" for 127.0.0.1 at 2013-08-11 17:41:12 -0300
  Processing by MoviesController#index as HTML
  [1m[35mMovie Load (0.1ms)[0m  SELECT "movies".* FROM "movies" WHERE "movies"."rating" IN ('G', 'PG', 'PG-13', 'NC-17', 'R')
Rendered movies/_list.html.haml (33.2ms)
Rendered movies/index.html.haml within layouts/application (34.9ms)
Completed 200 OK in 39ms (Views: 37.3ms | ActiveRecord: 0.3ms)


Started GET "/assets/application.css?body=1" for 127.0.0.1 at 2013-08-11 17:41:12 -0300
Served asset /application.css - 304 Not Modified (0ms)


Started GET "/assets/application.js?body=1" for 127.0.0.1 at 2013-08-11 17:41:12 -0300
Served asset /application.js - 304 Not Modified (0ms)
